{"C:\\Users\\SANTI\\OneDrive\\Documentos\\Archivoss\\Etapa productiva\\Primer Proyecto\\Proyecto translate\\clonado\\Proyect_File_translator\\FileTranslate\\Source\\translator_front\\babel.config.js": {"path":"C:\\Users\\SANTI\\OneDrive\\Documentos\\Archivoss\\Etapa productiva\\Primer Proyecto\\Proyecto translate\\clonado\\Proyect_File_translator\\FileTranslate\\Source\\translator_front\\babel.config.js","statementMap":{"0":{"start":{"line":1,"column":0},"end":{"line":5,"column":1}}},"fnMap":{},"branchMap":{},"s":{"0":0},"f":{},"b":{},"hash":"936bfc3a1d7a6a73a4327b785c68c9bf6acec7a9"}
,"C:\\Users\\SANTI\\OneDrive\\Documentos\\Archivoss\\Etapa productiva\\Primer Proyecto\\Proyecto translate\\clonado\\Proyect_File_translator\\FileTranslate\\Source\\translator_front\\config.js": {"path":"C:\\Users\\SANTI\\OneDrive\\Documentos\\Archivoss\\Etapa productiva\\Primer Proyecto\\Proyecto translate\\clonado\\Proyect_File_translator\\FileTranslate\\Source\\translator_front\\config.js","statementMap":{"0":{"start":{"line":1,"column":0},"end":{"line":6,"column":1}}},"fnMap":{},"branchMap":{},"s":{"0":1},"f":{},"b":{},"_coverageSchema":"43e27e138ebf9cfc5966b082cf9a028302ed4184","hash":"6e23fade3f510eb3e197aa67082efb55bbc4a950"}
,"C:\\Users\\SANTI\\OneDrive\\Documentos\\Archivoss\\Etapa productiva\\Primer Proyecto\\Proyecto translate\\clonado\\Proyect_File_translator\\FileTranslate\\Source\\translator_front\\jest.config.js": {"path":"C:\\Users\\SANTI\\OneDrive\\Documentos\\Archivoss\\Etapa productiva\\Primer Proyecto\\Proyecto translate\\clonado\\Proyect_File_translator\\FileTranslate\\Source\\translator_front\\jest.config.js","statementMap":{"0":{"start":{"line":1,"column":0},"end":{"line":34,"column":2}}},"fnMap":{},"branchMap":{},"s":{"0":0},"f":{},"b":{},"hash":"9ba3ea8a73ab30452093b4e77906cbaa3cf021d5"}
,"C:\\Users\\SANTI\\OneDrive\\Documentos\\Archivoss\\Etapa productiva\\Primer Proyecto\\Proyecto translate\\clonado\\Proyect_File_translator\\FileTranslate\\Source\\translator_front\\src\\main.js": {"path":"C:\\Users\\SANTI\\OneDrive\\Documentos\\Archivoss\\Etapa productiva\\Primer Proyecto\\Proyecto translate\\clonado\\Proyect_File_translator\\FileTranslate\\Source\\translator_front\\src\\main.js","statementMap":{"0":{"start":{"line":11,"column":0},"end":{"line":11,"column":32}},"1":{"start":{"line":12,"column":0},"end":{"line":12,"column":22}},"2":{"start":{"line":13,"column":0},"end":{"line":13,"column":21}},"3":{"start":{"line":14,"column":0},"end":{"line":14,"column":25}},"4":{"start":{"line":15,"column":0},"end":{"line":15,"column":19}},"5":{"start":{"line":17,"column":0},"end":{"line":20,"column":17}},"6":{"start":{"line":19,"column":17},"end":{"line":19,"column":23}}},"fnMap":{"0":{"name":"(anonymous_0)","decl":{"start":{"line":19,"column":12},"end":{"line":19,"column":13}},"loc":{"start":{"line":19,"column":17},"end":{"line":19,"column":23}},"line":19}},"branchMap":{},"s":{"0":0,"1":0,"2":0,"3":0,"4":0,"5":0,"6":0},"f":{"0":0},"b":{},"hash":"b71b047ea19f4e62bb50d97e6d0ae0dfe79b32ac"}
,"C:\\Users\\SANTI\\OneDrive\\Documentos\\Archivoss\\Etapa productiva\\Primer Proyecto\\Proyecto translate\\clonado\\Proyect_File_translator\\FileTranslate\\Source\\translator_front\\src\\components\\Header.vue": {"path":"C:\\Users\\SANTI\\OneDrive\\Documentos\\Archivoss\\Etapa productiva\\Primer Proyecto\\Proyecto translate\\clonado\\Proyect_File_translator\\FileTranslate\\Source\\translator_front\\src\\components\\Header.vue","statementMap":{"0":{"start":{"line":40,"column":0},"end":{"line":40,"column":null}},"1":{"start":{"line":43,"column":0},"end":{"line":43,"column":null}},"2":{"start":{"line":46,"column":0},"end":{"line":46,"column":null}}},"fnMap":{"0":{"name":"(anonymous_1)","decl":{"start":{"line":39,"column":0},"end":{"line":39,"column":null}},"loc":{"start":{"line":39,"column":0},"end":{"line":41,"column":null}}},"1":{"name":"(anonymous_2)","decl":{"start":{"line":42,"column":0},"end":{"line":42,"column":null}},"loc":{"start":{"line":42,"column":0},"end":{"line":44,"column":null}}},"2":{"name":"(anonymous_3)","decl":{"start":{"line":45,"column":0},"end":{"line":45,"column":null}},"loc":{"start":{"line":45,"column":0},"end":{"line":47,"column":null}}}},"branchMap":{},"s":{"0":0,"1":0,"2":0},"f":{"0":0,"1":0,"2":0},"b":{}}
,"C:\\Users\\SANTI\\OneDrive\\Documentos\\Archivoss\\Etapa productiva\\Primer Proyecto\\Proyecto translate\\clonado\\Proyect_File_translator\\FileTranslate\\Source\\translator_front\\src\\router\\index.js": {"path":"C:\\Users\\SANTI\\OneDrive\\Documentos\\Archivoss\\Etapa productiva\\Primer Proyecto\\Proyecto translate\\clonado\\Proyect_File_translator\\FileTranslate\\Source\\translator_front\\src\\router\\index.js","statementMap":{"0":{"start":{"line":9,"column":0},"end":{"line":9,"column":18}},"1":{"start":{"line":11,"column":15},"end":{"line":38,"column":1}},"2":{"start":{"line":40,"column":15},"end":{"line":44,"column":2}}},"fnMap":{},"branchMap":{},"s":{"0":0,"1":0,"2":0},"f":{},"b":{},"hash":"3d6444bee22acf4b1cc40af1ebdc9d5957437fd4"}
,"C:\\Users\\SANTI\\OneDrive\\Documentos\\Archivoss\\Etapa productiva\\Primer Proyecto\\Proyecto translate\\clonado\\Proyect_File_translator\\FileTranslate\\Source\\translator_front\\src\\views\\Dashboard.vue": {"path":"C:\\Users\\SANTI\\OneDrive\\Documentos\\Archivoss\\Etapa productiva\\Primer Proyecto\\Proyecto translate\\clonado\\Proyect_File_translator\\FileTranslate\\Source\\translator_front\\src\\views\\Dashboard.vue","statementMap":{"0":{"start":{"line":32,"column":0},"end":{"line":32,"column":null}},"1":{"start":{"line":33,"column":0},"end":{"line":33,"column":null}},"2":{"start":{"line":34,"column":0},"end":{"line":34,"column":null}},"3":{"start":{"line":35,"column":0},"end":{"line":35,"column":null}},"4":{"start":{"line":43,"column":0},"end":{"line":43,"column":null}},"5":{"start":{"line":49,"column":0},"end":{"line":49,"column":null}},"6":{"start":{"line":53,"column":0},"end":{"line":53,"column":null}},"7":{"start":{"line":54,"column":0},"end":{"line":56,"column":null}},"8":{"start":{"line":55,"column":0},"end":{"line":55,"column":null}}},"fnMap":{"0":{"name":"(anonymous_1)","decl":{"start":{"line":42,"column":0},"end":{"line":42,"column":null}},"loc":{"start":{"line":42,"column":0},"end":{"line":46,"column":null}}},"1":{"name":"(anonymous_2)","decl":{"start":{"line":48,"column":0},"end":{"line":48,"column":null}},"loc":{"start":{"line":48,"column":0},"end":{"line":50,"column":null}}},"2":{"name":"(anonymous_3)","decl":{"start":{"line":52,"column":0},"end":{"line":52,"column":null}},"loc":{"start":{"line":52,"column":0},"end":{"line":57,"column":null}}},"3":{"name":"(anonymous_4)","decl":{"start":{"line":54,"column":0},"end":{"line":54,"column":null}},"loc":{"start":{"line":54,"column":0},"end":{"line":56,"column":null}}}},"branchMap":{},"s":{"0":0,"1":0,"2":0,"3":0,"4":0,"5":0,"6":0,"7":0,"8":0},"f":{"0":0,"1":0,"2":0,"3":0},"b":{}}
,"C:\\Users\\SANTI\\OneDrive\\Documentos\\Archivoss\\Etapa productiva\\Primer Proyecto\\Proyecto translate\\clonado\\Proyect_File_translator\\FileTranslate\\Source\\translator_front\\src\\views\\Login.vue": {"path":"C:\\Users\\SANTI\\OneDrive\\Documentos\\Archivoss\\Etapa productiva\\Primer Proyecto\\Proyecto translate\\clonado\\Proyect_File_translator\\FileTranslate\\Source\\translator_front\\src\\views\\Login.vue","statementMap":{"0":{"start":{"line":18,"column":0},"end":{"line":18,"column":null}},"1":{"start":{"line":19,"column":0},"end":{"line":19,"column":null}},"2":{"start":{"line":25,"column":0},"end":{"line":25,"column":null}},"3":{"start":{"line":33,"column":0},"end":{"line":33,"column":null}},"4":{"start":{"line":37,"column":0},"end":{"line":50,"column":null}},"5":{"start":{"line":39,"column":0},"end":{"line":49,"column":null}},"6":{"start":{"line":41,"column":0},"end":{"line":41,"column":null}},"7":{"start":{"line":43,"column":0},"end":{"line":43,"column":null}},"8":{"start":{"line":44,"column":0},"end":{"line":44,"column":null}},"9":{"start":{"line":47,"column":0},"end":{"line":47,"column":null}}},"fnMap":{"0":{"name":"(anonymous_1)","decl":{"start":{"line":24,"column":0},"end":{"line":24,"column":null}},"loc":{"start":{"line":24,"column":0},"end":{"line":30,"column":null}}},"1":{"name":"(anonymous_2)","decl":{"start":{"line":32,"column":0},"end":{"line":32,"column":null}},"loc":{"start":{"line":32,"column":0},"end":{"line":51,"column":null}}},"2":{"name":"(anonymous_3)","decl":{"start":{"line":37,"column":0},"end":{"line":37,"column":null}},"loc":{"start":{"line":37,"column":0},"end":{"line":50,"column":null}}}},"branchMap":{"0":{"loc":{"start":{"line":39,"column":0},"end":{"line":49,"column":null}},"type":"if","locations":[{"start":{"line":39,"column":0},"end":{"line":49,"column":null}},{"start":{"line":39,"column":0},"end":{"line":49,"column":null}}]}},"s":{"0":1,"1":1,"2":1,"3":0,"4":0,"5":0,"6":0,"7":0,"8":0,"9":0},"f":{"0":1,"1":0,"2":0},"b":{"0":[0,0]}}
,"C:\\Users\\SANTI\\OneDrive\\Documentos\\Archivoss\\Etapa productiva\\Primer Proyecto\\Proyecto translate\\clonado\\Proyect_File_translator\\FileTranslate\\Source\\translator_front\\src\\views\\Nuevo.vue": {"path":"C:\\Users\\SANTI\\OneDrive\\Documentos\\Archivoss\\Etapa productiva\\Primer Proyecto\\Proyecto translate\\clonado\\Proyect_File_translator\\FileTranslate\\Source\\translator_front\\src\\views\\Nuevo.vue","statementMap":{"0":{"start":{"line":52,"column":0},"end":{"line":52,"column":null}},"1":{"start":{"line":53,"column":0},"end":{"line":53,"column":null}},"2":{"start":{"line":54,"column":0},"end":{"line":54,"column":null}},"3":{"start":{"line":55,"column":0},"end":{"line":55,"column":null}},"4":{"start":{"line":56,"column":0},"end":{"line":56,"column":null}},"5":{"start":{"line":57,"column":0},"end":{"line":57,"column":null}},"6":{"start":{"line":62,"column":0},"end":{"line":62,"column":null}},"7":{"start":{"line":80,"column":0},"end":{"line":98,"column":null}},"8":{"start":{"line":82,"column":0},"end":{"line":82,"column":null}},"9":{"start":{"line":83,"column":0},"end":{"line":83,"column":null}},"10":{"start":{"line":86,"column":0},"end":{"line":86,"column":null}},"11":{"start":{"line":87,"column":0},"end":{"line":96,"column":null}},"12":{"start":{"line":88,"column":0},"end":{"line":88,"column":null}},"13":{"start":{"line":93,"column":0},"end":{"line":93,"column":null}},"14":{"start":{"line":97,"column":0},"end":{"line":97,"column":null}},"15":{"start":{"line":101,"column":0},"end":{"line":101,"column":null}},"16":{"start":{"line":102,"column":0},"end":{"line":102,"column":null}},"17":{"start":{"line":103,"column":0},"end":{"line":105,"column":null}},"18":{"start":{"line":104,"column":0},"end":{"line":104,"column":null}},"19":{"start":{"line":109,"column":0},"end":{"line":109,"column":null}},"20":{"start":{"line":112,"column":0},"end":{"line":112,"column":null}},"21":{"start":{"line":113,"column":0},"end":{"line":113,"column":null}}},"fnMap":{"0":{"name":"(anonymous_1)","decl":{"start":{"line":61,"column":0},"end":{"line":61,"column":null}},"loc":{"start":{"line":61,"column":0},"end":{"line":73,"column":null}}},"1":{"name":"(anonymous_2)","decl":{"start":{"line":79,"column":0},"end":{"line":79,"column":null}},"loc":{"start":{"line":79,"column":0},"end":{"line":99,"column":null}}},"2":{"name":"(anonymous_3)","decl":{"start":{"line":80,"column":0},"end":{"line":80,"column":null}},"loc":{"start":{"line":80,"column":0},"end":{"line":85,"column":null}}},"3":{"name":"(anonymous_4)","decl":{"start":{"line":85,"column":0},"end":{"line":85,"column":null}},"loc":{"start":{"line":85,"column":0},"end":{"line":98,"column":null}}},"4":{"name":"(anonymous_5)","decl":{"start":{"line":100,"column":0},"end":{"line":100,"column":null}},"loc":{"start":{"line":100,"column":0},"end":{"line":107,"column":null}}},"5":{"name":"(anonymous_6)","decl":{"start":{"line":108,"column":0},"end":{"line":108,"column":null}},"loc":{"start":{"line":108,"column":0},"end":{"line":110,"column":null}}},"6":{"name":"(anonymous_7)","decl":{"start":{"line":111,"column":0},"end":{"line":111,"column":null}},"loc":{"start":{"line":111,"column":0},"end":{"line":119,"column":null}}}},"branchMap":{"0":{"loc":{"start":{"line":87,"column":0},"end":{"line":96,"column":null}},"type":"if","locations":[{"start":{"line":87,"column":0},"end":{"line":96,"column":null}},{"start":{"line":87,"column":0},"end":{"line":96,"column":null}}]},"1":{"loc":{"start":{"line":103,"column":0},"end":{"line":105,"column":null}},"type":"if","locations":[{"start":{"line":103,"column":0},"end":{"line":105,"column":null}},{"start":{"line":103,"column":0},"end":{"line":105,"column":null}}]}},"s":{"0":1,"1":1,"2":1,"3":1,"4":1,"5":1,"6":1,"7":0,"8":0,"9":0,"10":0,"11":0,"12":0,"13":0,"14":0,"15":0,"16":0,"17":0,"18":0,"19":1,"20":0,"21":0},"f":{"0":1,"1":0,"2":0,"3":0,"4":0,"5":1,"6":0},"b":{"0":[0,0],"1":[0,0]}}
,"C:\\Users\\SANTI\\OneDrive\\Documentos\\Archivoss\\Etapa productiva\\Primer Proyecto\\Proyecto translate\\clonado\\Proyect_File_translator\\FileTranslate\\Source\\translator_front\\src\\views\\Translator.vue": {"path":"C:\\Users\\SANTI\\OneDrive\\Documentos\\Archivoss\\Etapa productiva\\Primer Proyecto\\Proyecto translate\\clonado\\Proyect_File_translator\\FileTranslate\\Source\\translator_front\\src\\views\\Translator.vue","statementMap":{"0":{"start":{"line":62,"column":0},"end":{"line":62,"column":null}},"1":{"start":{"line":63,"column":0},"end":{"line":63,"column":null}},"2":{"start":{"line":64,"column":0},"end":{"line":64,"column":null}},"3":{"start":{"line":68,"column":0},"end":{"line":68,"column":null}},"4":{"start":{"line":85,"column":0},"end":{"line":85,"column":null}},"5":{"start":{"line":86,"column":0},"end":{"line":89,"column":null}},"6":{"start":{"line":87,"column":0},"end":{"line":87,"column":null}},"7":{"start":{"line":88,"column":0},"end":{"line":88,"column":null}},"8":{"start":{"line":93,"column":0},"end":{"line":93,"column":null}},"9":{"start":{"line":94,"column":0},"end":{"line":94,"column":null}},"10":{"start":{"line":95,"column":0},"end":{"line":95,"column":null}},"11":{"start":{"line":96,"column":0},"end":{"line":100,"column":null}},"12":{"start":{"line":97,"column":0},"end":{"line":97,"column":null}},"13":{"start":{"line":98,"column":0},"end":{"line":98,"column":null}},"14":{"start":{"line":99,"column":0},"end":{"line":99,"column":null}},"15":{"start":{"line":101,"column":0},"end":{"line":101,"column":null}},"16":{"start":{"line":102,"column":0},"end":{"line":107,"column":null}},"17":{"start":{"line":103,"column":0},"end":{"line":103,"column":null}},"18":{"start":{"line":105,"column":0},"end":{"line":105,"column":null}},"19":{"start":{"line":106,"column":0},"end":{"line":106,"column":null}},"20":{"start":{"line":110,"column":0},"end":{"line":110,"column":null}},"21":{"start":{"line":111,"column":0},"end":{"line":111,"column":null}},"22":{"start":{"line":112,"column":0},"end":{"line":112,"column":null}},"23":{"start":{"line":113,"column":0},"end":{"line":113,"column":null}},"24":{"start":{"line":118,"column":0},"end":{"line":124,"column":null}},"25":{"start":{"line":121,"column":0},"end":{"line":123,"column":null}},"26":{"start":{"line":122,"column":0},"end":{"line":122,"column":null}},"27":{"start":{"line":127,"column":0},"end":{"line":127,"column":null}},"28":{"start":{"line":128,"column":0},"end":{"line":128,"column":null}},"29":{"start":{"line":129,"column":0},"end":{"line":129,"column":null}},"30":{"start":{"line":130,"column":0},"end":{"line":130,"column":null}},"31":{"start":{"line":135,"column":0},"end":{"line":142,"column":null}},"32":{"start":{"line":138,"column":0},"end":{"line":141,"column":null}},"33":{"start":{"line":139,"column":0},"end":{"line":139,"column":null}},"34":{"start":{"line":140,"column":0},"end":{"line":140,"column":null}},"35":{"start":{"line":145,"column":0},"end":{"line":145,"column":null}},"36":{"start":{"line":146,"column":0},"end":{"line":150,"column":null}},"37":{"start":{"line":147,"column":0},"end":{"line":147,"column":null}},"38":{"start":{"line":149,"column":0},"end":{"line":149,"column":null}}},"fnMap":{"0":{"name":"(anonymous_1)","decl":{"start":{"line":67,"column":0},"end":{"line":67,"column":null}},"loc":{"start":{"line":67,"column":0},"end":{"line":80,"column":null}}},"1":{"name":"(anonymous_2)","decl":{"start":{"line":84,"column":0},"end":{"line":84,"column":null}},"loc":{"start":{"line":84,"column":0},"end":{"line":90,"column":null}}},"2":{"name":"(anonymous_3)","decl":{"start":{"line":86,"column":0},"end":{"line":86,"column":null}},"loc":{"start":{"line":86,"column":0},"end":{"line":89,"column":null}}},"3":{"name":"(anonymous_4)","decl":{"start":{"line":92,"column":0},"end":{"line":92,"column":null}},"loc":{"start":{"line":92,"column":0},"end":{"line":108,"column":null}}},"4":{"name":"(anonymous_5)","decl":{"start":{"line":109,"column":0},"end":{"line":109,"column":null}},"loc":{"start":{"line":109,"column":0},"end":{"line":125,"column":null}}},"5":{"name":"(anonymous_6)","decl":{"start":{"line":118,"column":0},"end":{"line":118,"column":null}},"loc":{"start":{"line":118,"column":0},"end":{"line":124,"column":null}}},"6":{"name":"(anonymous_7)","decl":{"start":{"line":126,"column":0},"end":{"line":126,"column":null}},"loc":{"start":{"line":126,"column":0},"end":{"line":143,"column":null}}},"7":{"name":"(anonymous_8)","decl":{"start":{"line":135,"column":0},"end":{"line":135,"column":null}},"loc":{"start":{"line":135,"column":0},"end":{"line":142,"column":null}}},"8":{"name":"(anonymous_9)","decl":{"start":{"line":144,"column":0},"end":{"line":144,"column":null}},"loc":{"start":{"line":144,"column":0},"end":{"line":151,"column":null}}}},"branchMap":{"0":{"loc":{"start":{"line":96,"column":0},"end":{"line":100,"column":null}},"type":"if","locations":[{"start":{"line":96,"column":0},"end":{"line":100,"column":null}},{"start":{"line":96,"column":0},"end":{"line":100,"column":null}}]},"1":{"loc":{"start":{"line":102,"column":0},"end":{"line":107,"column":null}},"type":"if","locations":[{"start":{"line":102,"column":0},"end":{"line":107,"column":null}},{"start":{"line":102,"column":0},"end":{"line":107,"column":null}}]},"2":{"loc":{"start":{"line":121,"column":0},"end":{"line":123,"column":null}},"type":"if","locations":[{"start":{"line":121,"column":0},"end":{"line":123,"column":null}},{"start":{"line":121,"column":0},"end":{"line":123,"column":null}}]},"3":{"loc":{"start":{"line":138,"column":0},"end":{"line":141,"column":null}},"type":"if","locations":[{"start":{"line":138,"column":0},"end":{"line":141,"column":null}},{"start":{"line":138,"column":0},"end":{"line":141,"column":null}}]},"4":{"loc":{"start":{"line":146,"column":0},"end":{"line":150,"column":null}},"type":"if","locations":[{"start":{"line":146,"column":0},"end":{"line":150,"column":null}},{"start":{"line":146,"column":0},"end":{"line":150,"column":null}}]}},"s":{"0":1,"1":1,"2":1,"3":1,"4":1,"5":1,"6":0,"7":0,"8":0,"9":0,"10":0,"11":0,"12":0,"13":0,"14":0,"15":0,"16":0,"17":0,"18":0,"19":0,"20":1,"21":1,"22":1,"23":1,"24":1,"25":0,"26":0,"27":0,"28":0,"29":0,"30":0,"31":0,"32":0,"33":0,"34":0,"35":1,"36":0,"37":0,"38":0},"f":{"0":1,"1":1,"2":0,"3":0,"4":1,"5":0,"6":0,"7":0,"8":1},"b":{"0":[0,0],"1":[0,0],"2":[0,0],"3":[0,0],"4":[0,0]}}
,"C:\\Users\\SANTI\\OneDrive\\Documentos\\Archivoss\\Etapa productiva\\Primer Proyecto\\Proyecto translate\\clonado\\Proyect_File_translator\\FileTranslate\\Source\\translator_front\\tests\\TestHelper.js": {"path":"C:\\Users\\SANTI\\OneDrive\\Documentos\\Archivoss\\Etapa productiva\\Primer Proyecto\\Proyecto translate\\clonado\\Proyect_File_translator\\FileTranslate\\Source\\translator_front\\tests\\TestHelper.js","statementMap":{"0":{"start":{"line":4,"column":20},"end":{"line":28,"column":1}},"1":{"start":{"line":6,"column":20},"end":{"line":6,"column":49}},"2":{"start":{"line":7,"column":8},"end":{"line":7,"column":43}},"3":{"start":{"line":8,"column":8},"end":{"line":8,"column":24}},"4":{"start":{"line":9,"column":8},"end":{"line":9,"column":34}},"5":{"start":{"line":12,"column":25},"end":{"line":12,"column":41}},"6":{"start":{"line":17,"column":8},"end":{"line":17,"column":40}},"7":{"start":{"line":19,"column":24},"end":{"line":25,"column":10}},"8":{"start":{"line":26,"column":8},"end":{"line":26,"column":23}}},"fnMap":{"0":{"name":"(anonymous_0)","decl":{"start":{"line":5,"column":4},"end":{"line":5,"column":5}},"loc":{"start":{"line":5,"column":31},"end":{"line":10,"column":5}},"line":5},"1":{"name":"(anonymous_1)","decl":{"start":{"line":11,"column":4},"end":{"line":11,"column":5}},"loc":{"start":{"line":11,"column":61},"end":{"line":27,"column":5}},"line":11}},"branchMap":{"0":{"loc":{"start":{"line":11,"column":31},"end":{"line":11,"column":41}},"type":"default-arg","locations":[{"start":{"line":11,"column":39},"end":{"line":11,"column":41}}],"line":11},"1":{"loc":{"start":{"line":11,"column":43},"end":{"line":11,"column":59}},"type":"default-arg","locations":[{"start":{"line":11,"column":57},"end":{"line":11,"column":59}}],"line":11}},"s":{"0":1,"1":3,"2":3,"3":3,"4":3,"5":3,"6":3,"7":3,"8":3},"f":{"0":3,"1":3},"b":{"0":[0],"1":[3]},"_coverageSchema":"43e27e138ebf9cfc5966b082cf9a028302ed4184","hash":"096240b8dded4d93baec1f6eaf48a6dd1d6fd979"}
}
