TN:
SF:C:\Users\SANTI\OneDrive\Documentos\Archivoss\Etapa productiva\Primer Proyecto\Proyecto translate\clonado\Proyect_File_translator\FileTranslate\Source\translator_front\babel.config.js
FNF:0
FNH:0
DA:1,0
LF:1
LH:0
BRF:0
BRH:0
end_of_record
TN:
SF:C:\Users\SANTI\OneDrive\Documentos\Archivoss\Etapa productiva\Primer Proyecto\Proyecto translate\clonado\Proyect_File_translator\FileTranslate\Source\translator_front\config.js
FNF:0
FNH:0
DA:1,1
LF:1
LH:1
BRF:0
BRH:0
end_of_record
TN:
SF:C:\Users\SANTI\OneDrive\Documentos\Archivoss\Etapa productiva\Primer Proyecto\Proyecto translate\clonado\Proyect_File_translator\FileTranslate\Source\translator_front\jest.config.js
FNF:0
FNH:0
DA:1,0
LF:1
LH:0
BRF:0
BRH:0
end_of_record
TN:
SF:C:\Users\SANTI\OneDrive\Documentos\Archivoss\Etapa productiva\Primer Proyecto\Proyecto translate\clonado\Proyect_File_translator\FileTranslate\Source\translator_front\src\main.js
FN:19,(anonymous_0)
FNF:1
FNH:0
FNDA:0,(anonymous_0)
DA:11,0
DA:12,0
DA:13,0
DA:14,0
DA:15,0
DA:17,0
DA:19,0
LF:7
LH:0
BRF:0
BRH:0
end_of_record
TN:
SF:C:\Users\SANTI\OneDrive\Documentos\Archivoss\Etapa productiva\Primer Proyecto\Proyecto translate\clonado\Proyect_File_translator\FileTranslate\Source\translator_front\src\components\Header.vue
FN:39,(anonymous_1)
FN:42,(anonymous_2)
FN:45,(anonymous_3)
FNF:3
FNH:0
FNDA:0,(anonymous_1)
FNDA:0,(anonymous_2)
FNDA:0,(anonymous_3)
DA:40,0
DA:43,0
DA:46,0
LF:3
LH:0
BRF:0
BRH:0
end_of_record
TN:
SF:C:\Users\SANTI\OneDrive\Documentos\Archivoss\Etapa productiva\Primer Proyecto\Proyecto translate\clonado\Proyect_File_translator\FileTranslate\Source\translator_front\src\router\index.js
FNF:0
FNH:0
DA:9,0
DA:11,0
DA:40,0
LF:3
LH:0
BRF:0
BRH:0
end_of_record
TN:
SF:C:\Users\SANTI\OneDrive\Documentos\Archivoss\Etapa productiva\Primer Proyecto\Proyecto translate\clonado\Proyect_File_translator\FileTranslate\Source\translator_front\src\views\Dashboard.vue
FN:42,(anonymous_1)
FN:48,(anonymous_2)
FN:52,(anonymous_3)
FN:54,(anonymous_4)
FNF:4
FNH:0
FNDA:0,(anonymous_1)
FNDA:0,(anonymous_2)
FNDA:0,(anonymous_3)
FNDA:0,(anonymous_4)
DA:32,0
DA:33,0
DA:34,0
DA:35,0
DA:43,0
DA:49,0
DA:53,0
DA:54,0
DA:55,0
LF:9
LH:0
BRF:0
BRH:0
end_of_record
TN:
SF:C:\Users\SANTI\OneDrive\Documentos\Archivoss\Etapa productiva\Primer Proyecto\Proyecto translate\clonado\Proyect_File_translator\FileTranslate\Source\translator_front\src\views\Login.vue
FN:24,(anonymous_1)
FN:32,(anonymous_2)
FN:37,(anonymous_3)
FNF:3
FNH:1
FNDA:1,(anonymous_1)
FNDA:0,(anonymous_2)
FNDA:0,(anonymous_3)
DA:18,1
DA:19,1
DA:25,1
DA:33,0
DA:37,0
DA:39,0
DA:41,0
DA:43,0
DA:44,0
DA:47,0
LF:10
LH:3
BRDA:39,0,0,0
BRDA:39,0,1,0
BRF:2
BRH:0
end_of_record
TN:
SF:C:\Users\SANTI\OneDrive\Documentos\Archivoss\Etapa productiva\Primer Proyecto\Proyecto translate\clonado\Proyect_File_translator\FileTranslate\Source\translator_front\src\views\Nuevo.vue
FN:61,(anonymous_1)
FN:79,(anonymous_2)
FN:80,(anonymous_3)
FN:85,(anonymous_4)
FN:100,(anonymous_5)
FN:108,(anonymous_6)
FN:111,(anonymous_7)
FNF:7
FNH:2
FNDA:1,(anonymous_1)
FNDA:0,(anonymous_2)
FNDA:0,(anonymous_3)
FNDA:0,(anonymous_4)
FNDA:0,(anonymous_5)
FNDA:1,(anonymous_6)
FNDA:0,(anonymous_7)
DA:52,1
DA:53,1
DA:54,1
DA:55,1
DA:56,1
DA:57,1
DA:62,1
DA:80,0
DA:82,0
DA:83,0
DA:86,0
DA:87,0
DA:88,0
DA:93,0
DA:97,0
DA:101,0
DA:102,0
DA:103,0
DA:104,0
DA:109,1
DA:112,0
DA:113,0
LF:22
LH:8
BRDA:87,0,0,0
BRDA:87,0,1,0
BRDA:103,1,0,0
BRDA:103,1,1,0
BRF:4
BRH:0
end_of_record
TN:
SF:C:\Users\SANTI\OneDrive\Documentos\Archivoss\Etapa productiva\Primer Proyecto\Proyecto translate\clonado\Proyect_File_translator\FileTranslate\Source\translator_front\src\views\Translator.vue
FN:67,(anonymous_1)
FN:84,(anonymous_2)
FN:86,(anonymous_3)
FN:92,(anonymous_4)
FN:109,(anonymous_5)
FN:118,(anonymous_6)
FN:126,(anonymous_7)
FN:135,(anonymous_8)
FN:144,(anonymous_9)
FNF:9
FNH:4
FNDA:1,(anonymous_1)
FNDA:1,(anonymous_2)
FNDA:0,(anonymous_3)
FNDA:0,(anonymous_4)
FNDA:1,(anonymous_5)
FNDA:0,(anonymous_6)
FNDA:0,(anonymous_7)
FNDA:0,(anonymous_8)
FNDA:1,(anonymous_9)
DA:62,1
DA:63,1
DA:64,1
DA:68,1
DA:85,1
DA:86,1
DA:87,0
DA:88,0
DA:93,0
DA:94,0
DA:95,0
DA:96,0
DA:97,0
DA:98,0
DA:99,0
DA:101,0
DA:102,0
DA:103,0
DA:105,0
DA:106,0
DA:110,1
DA:111,1
DA:112,1
DA:113,1
DA:118,1
DA:121,0
DA:122,0
DA:127,0
DA:128,0
DA:129,0
DA:130,0
DA:135,0
DA:138,0
DA:139,0
DA:140,0
DA:145,1
DA:146,0
DA:147,0
DA:149,0
LF:39
LH:12
BRDA:96,0,0,0
BRDA:96,0,1,0
BRDA:102,1,0,0
BRDA:102,1,1,0
BRDA:121,2,0,0
BRDA:121,2,1,0
BRDA:138,3,0,0
BRDA:138,3,1,0
BRDA:146,4,0,0
BRDA:146,4,1,0
BRF:10
BRH:0
end_of_record
TN:
SF:C:\Users\SANTI\OneDrive\Documentos\Archivoss\Etapa productiva\Primer Proyecto\Proyecto translate\clonado\Proyect_File_translator\FileTranslate\Source\translator_front\tests\TestHelper.js
FN:5,(anonymous_0)
FN:11,(anonymous_1)
FNF:2
FNH:2
FNDA:3,(anonymous_0)
FNDA:3,(anonymous_1)
DA:4,1
DA:6,3
DA:7,3
DA:8,3
DA:9,3
DA:12,3
DA:17,3
DA:19,3
DA:26,3
LF:9
LH:9
BRDA:11,0,0,0
BRDA:11,1,0,3
BRF:2
BRH:1
end_of_record
